    FirstPivot: 21300 ns 	 	 (Array Size - 100) (Array Type - Ordered)
    LastPivot: 33600 ns 	 	 (Array Size - 100) (Array Type - Ordered)
    RandomPivot: 350600 ns 	 	 (Array Size - 100) (Array Type - Ordered)
    MedianOfThree: 22800 ns 	 	 (Array Size - 100) (Array Type - Ordered)
    FirstPivot: 75300 ns 	 	 (Array Size - 100) (Array Type - NearlyOrdered)
    LastPivot: 37000 ns 	 	 (Array Size - 100) (Array Type - NearlyOrdered)
    RandomPivot: 33800 ns 	 	 (Array Size - 100) (Array Type - NearlyOrdered)
    MedianOfThree: 15000 ns 	 	 (Array Size - 100) (Array Type - NearlyOrdered)
    FirstPivot: 17200 ns 	 	 (Array Size - 100) (Array Type - Random)
    LastPivot: 15700 ns 	 	 (Array Size - 100) (Array Type - Random)
    RandomPivot: 34400 ns 	 	 (Array Size - 100) (Array Type - Random)
    MedianOfThree: 80000 ns 	 	 (Array Size - 100) (Array Type - Random)

    FirstPivot: 63000 ns 	 	 (Array Size - 1000) (Array Type - Ordered)
    LastPivot: 106500 ns 	 	 (Array Size - 1000) (Array Type - Ordered)
    RandomPivot: 183600 ns 	 	 (Array Size - 1000) (Array Type - Ordered)
    MedianOfThree: 172700 ns 	 	 (Array Size - 1000) (Array Type - Ordered)
    FirstPivot: 70800 ns 	 	 (Array Size - 1000) (Array Type - NearlyOrdered)
    LastPivot: 68400 ns 	 	 (Array Size - 1000) (Array Type - NearlyOrdered)
    RandomPivot: 67800 ns 	 	 (Array Size - 1000) (Array Type - NearlyOrdered)
    MedianOfThree: 59200 ns 	 	 (Array Size - 1000) (Array Type - NearlyOrdered)
    FirstPivot: 79200 ns 	 	 (Array Size - 1000) (Array Type - Random)
    LastPivot: 81500 ns 	 	 (Array Size - 1000) (Array Type - Random)
    RandomPivot: 110300 ns 	 	 (Array Size - 1000) (Array Type - Random)
    MedianOfThree: 86100 ns 	 	 (Array Size - 1000) (Array Type - Random)

    FirstPivot: 905200 ns 	 	 (Array Size - 10000) (Array Type - Ordered)
    LastPivot: 1040300 ns 	 	 (Array Size - 10000) (Array Type - Ordered)
    RandomPivot: 779100 ns 	 	 (Array Size - 10000) (Array Type - Ordered)
    MedianOfThree: 527800 ns 	 	 (Array Size - 10000) (Array Type - Ordered)
    FirstPivot: 437000 ns 	 	 (Array Size - 10000) (Array Type - NearlyOrdered)
    LastPivot: 607600 ns 	 	 (Array Size - 10000) (Array Type - NearlyOrdered)
    RandomPivot: 779400 ns 	 	 (Array Size - 10000) (Array Type - NearlyOrdered)
    MedianOfThree: 541300 ns 	 	 (Array Size - 10000) (Array Type - NearlyOrdered)
    FirstPivot: 731600 ns 	 	 (Array Size - 10000) (Array Type - Random)
    LastPivot: 714100 ns 	 	 (Array Size - 10000) (Array Type - Random)
    RandomPivot: 2509000 ns 	 	 (Array Size - 10000) (Array Type - Random)
    MedianOfThree: 1238300 ns 	 	 (Array Size - 10000) (Array Type - Random)

